<?xml version="1.0" encoding="UTF-8" ?>
<testsuites>
  <testsuite errors="0" failures="0" hostname="Dell" id="0" name="EmpSpec" package="com.hrms" tests="4" time="6.831" timestamp="2014-08-07T11:36:28">
      <properties />

      <testcase classname="com.hrms.EmpSpec" name="test Emp all constraints num is nullable" time="5.164" />

      <testcase classname="com.hrms.EmpSpec" name="test Emp all constraints num is unique" time="1.279" />

      <testcase classname="com.hrms.EmpSpec" name="test Emp all constraints ename is nullable" time="0.042" />

      <testcase classname="com.hrms.EmpSpec" name="test Emp all constraints aname is nullable" time="0.05" />

      <system-out><![CDATA[--Output from test Emp all constraints num is nullable--
--Output from test Emp all constraints num is unique--
--Output from test Emp all constraints ename is nullable--
--Output from test Emp all constraints aname is nullable--
]]></system-out>

      <system-err><![CDATA[--Output from test Emp all constraints num is nullable--
--Output from test Emp all constraints num is unique--
--Output from test Emp all constraints ename is nullable--
--Output from test Emp all constraints aname is nullable--
]]></system-err>

  </testsuite>
</testsuites>
